<?xml version="1.0" encoding="UTF-8"?>
<testsuite name="exam01.Ex01" tests="1" skipped="0" failures="0" errors="0" timestamp="2024-05-24T01:41:26" hostname="DESKTOP-QK29CKH" time="0.747">
  <properties/>
  <testcase name="test1()" classname="exam01.Ex01" time="0.747"/>
  <system-out><![CDATA[Member(USER_NO=4, USER_ID=USER04, USER_pw=123456, USER_NM=사용자04, MOBILE=01000000000, REG_DT=2024-05-23T03:46:33, MOD_DT=null)
Member(USER_NO=3, USER_ID=USER03, USER_pw=123456, USER_NM=사용자03, MOBILE=010-0000-0000, REG_DT=2024-05-23T03:29:42, MOD_DT=null)
Member(USER_NO=1, USER_ID=USER01, USER_pw=123456, USER_NM=사용자01, MOBILE=010-0000-0000, REG_DT=2024-05-23T01:52:07, MOD_DT=null)
Member(USER_NO=2, USER_ID=USER02, USER_pw=123456, USER_NM=사용자02, MOBILE=010-0000-0000, REG_DT=2024-05-23T01:53:14, MOD_DT=null)
]]></system-out>
  <system-err><![CDATA[]]></system-err>
</testsuite>
